<?xml version="1.0" encoding="UTF-8"?>
<robot generator="Robot 3.2.2 (Python 3.8.5 on win32)" generated="20210218 22:19:09.202" rpa="false">
<suite id="s1" name="BasicSearch" source="G:\RobotFramework\rb-pycharm\Tests\eBay\BasicSearch.robot">
<test id="s1-t1" name="Verify basic search functionality for eBay">
<kw name="Start TestCase" library="CommonFuncationality" type="setup">
<kw name="Open Browser" library="SeleniumLibrary">
<doc>Opens a new browser instance to the optional ``url``.</doc>
<arguments>
<arg>https://www.ebay.com</arg>
<arg>chrome</arg>
</arguments>
<msg timestamp="20210218 22:19:10.139" level="INFO">Opening browser 'chrome' to base url 'https://www.ebay.com'.</msg>
<status status="PASS" starttime="20210218 22:19:10.137" endtime="20210218 22:19:15.006"></status>
</kw>
<kw name="Maximize Browser Window" library="SeleniumLibrary">
<doc>Maximizes current browser window.</doc>
<status status="PASS" starttime="20210218 22:19:15.006" endtime="20210218 22:19:15.240"></status>
</kw>
<status status="PASS" starttime="20210218 22:19:10.136" endtime="20210218 22:19:15.241"></status>
</kw>
<kw name="Input Search Text and Click Search" library="HeaderPage">
<kw name="Input Text" library="SeleniumLibrary">
<doc>Types the given ``text`` into the text field identified by ``locator``.</doc>
<arguments>
<arg>xpath://*[@id="gh-ac"]</arg>
<arg>${search_text}</arg>
</arguments>
<msg timestamp="20210218 22:19:15.246" level="INFO">Typing text 'book' into text field 'xpath://*[@id="gh-ac"]'.</msg>
<status status="PASS" starttime="20210218 22:19:15.246" endtime="20210218 22:19:15.694"></status>
</kw>
<kw name="Press Keys" library="SeleniumLibrary">
<doc>Simulates the user pressing key(s) to an element or on the active browser.</doc>
<arguments>
<arg>xpath://*[@id="gh-btn"]</arg>
<arg>RETURN</arg>
</arguments>
<msg timestamp="20210218 22:19:15.695" level="INFO">Sending key(s) ('RETURN',) to xpath://*[@id="gh-btn"] element.</msg>
<msg timestamp="20210218 22:19:21.927" level="INFO">Pressing special key RETURN to element.</msg>
<msg timestamp="20210218 22:19:21.927" level="INFO">Releasing special key RETURN.</msg>
<status status="PASS" starttime="20210218 22:19:15.694" endtime="20210218 22:19:21.983"></status>
</kw>
<status status="PASS" starttime="20210218 22:19:15.245" endtime="20210218 22:19:21.984"></status>
</kw>
<kw name="Verify Search Results" library="SearchResultPage">
<kw name="Page Should Contain" library="SeleniumLibrary">
<doc>Verifies that current page contains ``text``.</doc>
<arguments>
<arg>${search_result} ${search_text}</arg>
</arguments>
<msg timestamp="20210218 22:19:22.039" level="INFO">Current page contains text 'results for book'.</msg>
<status status="PASS" starttime="20210218 22:19:21.985" endtime="20210218 22:19:22.039"></status>
</kw>
<status status="PASS" starttime="20210218 22:19:21.984" endtime="20210218 22:19:22.039"></status>
</kw>
<kw name="Finish TestCase" library="CommonFuncationality" type="teardown">
<kw name="Close Browser" library="SeleniumLibrary">
<doc>Closes the current browser.</doc>
<status status="PASS" starttime="20210218 22:19:22.042" endtime="20210218 22:19:24.443"></status>
</kw>
<status status="PASS" starttime="20210218 22:19:22.041" endtime="20210218 22:19:24.444"></status>
</kw>
<doc>This test case verify the basic search</doc>
<tags>
<tag>Functional</tag>
</tags>
<status status="PASS" starttime="20210218 22:19:10.133" endtime="20210218 22:19:24.445" critical="yes"></status>
</test>
<doc>Basic Search Functionlity</doc>
<status status="PASS" starttime="20210218 22:19:09.209" endtime="20210218 22:19:24.450"></status>
</suite>
<statistics>
<total>
<stat pass="1" fail="0">Critical Tests</stat>
<stat pass="1" fail="0">All Tests</stat>
</total>
<tag>
<stat pass="1" fail="0">Functional</stat>
</tag>
<suite>
<stat pass="1" fail="0" id="s1" name="BasicSearch">BasicSearch</stat>
</suite>
</statistics>
<errors>
</errors>
</robot>
