<?xml version="1.0" encoding="UTF-8"?>
<robot generator="Robot 3.2.2 (Python 3.8.5 on win32)" generated="20210217 19:50:32.152" rpa="false">
<suite id="s1" name="BasicSearch" source="G:\RobotFramework\example-pycharm\Tests\eBay\BasicSearch.robot">
<test id="s1-t1" name="Verify basic search functionality for eBay">
<kw name="Start Test" library="CommonFuncationality">
<kw name="Open Browser" library="SeleniumLibrary">
<doc>Opens a new browser instance to the optional ``url``.</doc>
<arguments>
<arg>https://www.ebay.com</arg>
<arg>chrome</arg>
</arguments>
<msg timestamp="20210217 19:50:33.079" level="INFO">Opening browser 'chrome' to base url 'https://www.ebay.com'.</msg>
<status status="PASS" starttime="20210217 19:50:33.078" endtime="20210217 19:50:38.620"></status>
</kw>
<kw name="Maximize Browser Window" library="SeleniumLibrary">
<doc>Maximizes current browser window.</doc>
<status status="PASS" starttime="20210217 19:50:38.620" endtime="20210217 19:50:39.056"></status>
</kw>
<status status="PASS" starttime="20210217 19:50:33.077" endtime="20210217 19:50:39.057"></status>
</kw>
<kw name="Verify Search Results" library="eBay_UserDefinedKeywords">
<kw name="Input Text" library="SeleniumLibrary">
<doc>Types the given ``text`` into the text field identified by ``locator``.</doc>
<arguments>
<arg>xpath://*[@id="gh-ac"]</arg>
<arg>mobile</arg>
</arguments>
<msg timestamp="20210217 19:50:39.062" level="INFO">Typing text 'mobile' into text field 'xpath://*[@id="gh-ac"]'.</msg>
<status status="PASS" starttime="20210217 19:50:39.059" endtime="20210217 19:50:39.719"></status>
</kw>
<kw name="Press Keys" library="SeleniumLibrary">
<doc>Simulates the user pressing key(s) to an element or on the active browser.</doc>
<arguments>
<arg>xpath://*[@id="gh-btn"]</arg>
<arg>RETURN</arg>
</arguments>
<msg timestamp="20210217 19:50:39.720" level="INFO">Sending key(s) ('RETURN',) to xpath://*[@id="gh-btn"] element.</msg>
<msg timestamp="20210217 19:50:43.027" level="INFO">Pressing special key RETURN to element.</msg>
<msg timestamp="20210217 19:50:43.027" level="INFO">Releasing special key RETURN.</msg>
<status status="PASS" starttime="20210217 19:50:39.720" endtime="20210217 19:50:43.051"></status>
</kw>
<kw name="Page Should Contain" library="SeleniumLibrary">
<doc>Verifies that current page contains ``text``.</doc>
<arguments>
<arg>results for mobile</arg>
</arguments>
<msg timestamp="20210217 19:50:43.122" level="INFO">Current page contains text 'results for mobile'.</msg>
<status status="PASS" starttime="20210217 19:50:43.052" endtime="20210217 19:50:43.122"></status>
</kw>
<status status="PASS" starttime="20210217 19:50:39.058" endtime="20210217 19:50:43.122"></status>
</kw>
<kw name="Finish Test Case" library="CommonFuncationality">
<kw name="Close Browser" library="SeleniumLibrary">
<doc>Closes the current browser.</doc>
<status status="PASS" starttime="20210217 19:50:43.124" endtime="20210217 19:50:45.486"></status>
</kw>
<status status="PASS" starttime="20210217 19:50:43.123" endtime="20210217 19:50:45.487"></status>
</kw>
<doc>This test case verify the basic search</doc>
<tags>
<tag>Functional</tag>
</tags>
<status status="PASS" starttime="20210217 19:50:33.073" endtime="20210217 19:50:45.488" critical="yes"></status>
</test>
<doc>Basic Search Functionlity</doc>
<status status="PASS" starttime="20210217 19:50:32.158" endtime="20210217 19:50:45.492"></status>
</suite>
<statistics>
<total>
<stat pass="1" fail="0">Critical Tests</stat>
<stat pass="1" fail="0">All Tests</stat>
</total>
<tag>
<stat pass="1" fail="0">Functional</stat>
</tag>
<suite>
<stat pass="1" fail="0" id="s1" name="BasicSearch">BasicSearch</stat>
</suite>
</statistics>
<errors>
</errors>
</robot>
