<?xml version="1.0" encoding="UTF-8"?>
<robot generator="Robot 3.2.2 (Python 3.9.1 on win32)" generated="20210218 22:13:51.640" rpa="false">
<suite id="s1" name="BasicSearch" source="E:\_GHB\RobotFramework\rb-pycharm\Tests\eBay\BasicSearch.robot">
<test id="s1-t1" name="Verify basic search functionality for eBay">
<kw name="Start TestCase" library="CommonFuncationality" type="setup">
<kw name="Open Browser" library="SeleniumLibrary">
<doc>Opens a new browser instance to the optional ``url``.</doc>
<arguments>
<arg>https://www.ebay.com</arg>
<arg>chrome</arg>
</arguments>
<msg timestamp="20210218 22:13:51.885" level="INFO">Opening browser 'chrome' to base url 'https://www.ebay.com'.</msg>
<status status="PASS" starttime="20210218 22:13:51.885" endtime="20210218 22:13:55.596"></status>
</kw>
<kw name="Maximize Browser Window" library="SeleniumLibrary">
<doc>Maximizes current browser window.</doc>
<status status="PASS" starttime="20210218 22:13:55.597" endtime="20210218 22:13:55.757"></status>
</kw>
<status status="PASS" starttime="20210218 22:13:51.884" endtime="20210218 22:13:55.758"></status>
</kw>
<kw name="Input Search Text and Click Search" library="HeaderPage">
<kw name="Input Text" library="SeleniumLibrary">
<doc>Types the given ``text`` into the text field identified by ``locator``.</doc>
<arguments>
<arg>xpath://*[@id="gh-ac"]</arg>
<arg>${search_text}</arg>
</arguments>
<msg timestamp="20210218 22:13:55.759" level="INFO">Typing text 'motor' into text field 'xpath://*[@id="gh-ac"]'.</msg>
<status status="PASS" starttime="20210218 22:13:55.759" endtime="20210218 22:13:55.916"></status>
</kw>
<kw name="Press Keys" library="SeleniumLibrary">
<doc>Simulates the user pressing key(s) to an element or on the active browser.</doc>
<arguments>
<arg>xpath://*[@id="gh-btn"]</arg>
<arg>RETURN</arg>
</arguments>
<msg timestamp="20210218 22:13:55.917" level="INFO">Sending key(s) ('RETURN',) to xpath://*[@id="gh-btn"] element.</msg>
<msg timestamp="20210218 22:13:59.700" level="INFO">Pressing special key RETURN to element.</msg>
<msg timestamp="20210218 22:13:59.701" level="INFO">Releasing special key RETURN.</msg>
<status status="PASS" starttime="20210218 22:13:55.916" endtime="20210218 22:13:59.712"></status>
</kw>
<status status="PASS" starttime="20210218 22:13:55.759" endtime="20210218 22:13:59.712"></status>
</kw>
<kw name="Verify Search Results" library="SearchResultPage">
<kw name="Page Should Contain" library="SeleniumLibrary">
<doc>Verifies that current page contains ``text``.</doc>
<arguments>
<arg>${search_result} ${search_text}</arg>
</arguments>
<msg timestamp="20210218 22:13:59.734" level="INFO">Current page contains text 'results for motor'.</msg>
<status status="PASS" starttime="20210218 22:13:59.713" endtime="20210218 22:13:59.735"></status>
</kw>
<status status="PASS" starttime="20210218 22:13:59.713" endtime="20210218 22:13:59.735"></status>
</kw>
<kw name="Finish TestCase" library="CommonFuncationality" type="teardown">
<kw name="Close Browser" library="SeleniumLibrary">
<doc>Closes the current browser.</doc>
<status status="PASS" starttime="20210218 22:13:59.736" endtime="20210218 22:14:01.907"></status>
</kw>
<status status="PASS" starttime="20210218 22:13:59.735" endtime="20210218 22:14:01.907"></status>
</kw>
<doc>This test case verify the basic search</doc>
<tags>
<tag>Functional</tag>
</tags>
<status status="PASS" starttime="20210218 22:13:51.883" endtime="20210218 22:14:01.908" critical="yes"></status>
</test>
<doc>Basic Search Functionlity</doc>
<status status="PASS" starttime="20210218 22:13:51.642" endtime="20210218 22:14:01.909"></status>
</suite>
<statistics>
<total>
<stat pass="1" fail="0">Critical Tests</stat>
<stat pass="1" fail="0">All Tests</stat>
</total>
<tag>
<stat pass="1" fail="0">Functional</stat>
</tag>
<suite>
<stat pass="1" fail="0" id="s1" name="BasicSearch">BasicSearch</stat>
</suite>
</statistics>
<errors>
</errors>
</robot>
